{"timestamp": "2025-11-22T21:17:54.246053", "trace_id": "fcf7e4b2-5410-4606-82ec-f902c4486c07", "event": "request_received", "data": {"user_id": "sascha", "session_id": "sascha-chat", "input_type": "chat", "tool_name": null}}
{"timestamp": "2025-11-22T21:18:02.805656", "trace_id": "fcf7e4b2-5410-4606-82ec-f902c4486c07", "event": "chat_completed", "data": {"user_id": "sascha", "session_id": "sascha-chat"}}
{"timestamp": "2025-11-22T21:18:37.431791", "trace_id": "87cf4e7c-c76e-4d2d-a1c9-30fc1b3c7e88", "event": "request_received", "data": {"user_id": "sascha", "session_id": "sascha-chat", "input_type": "tool", "tool_name": "echo"}}
{"timestamp": "2025-11-22T21:18:37.438023", "trace_id": "87cf4e7c-c76e-4d2d-a1c9-30fc1b3c7e88", "event": "tool_completed", "data": {"user_id": "sascha", "session_id": "sascha-chat", "tool_name": "echo"}}
{"timestamp": "2025-11-22T21:20:29.177916", "trace_id": "c0c88209-625f-4590-a64e-2403d010f1e5", "event": "request_received", "data": {"user_id": "sascha", "session_id": "sascha-chat", "input_type": "tool", "tool_name": "echo"}}
{"timestamp": "2025-11-22T21:20:29.183863", "trace_id": "c0c88209-625f-4590-a64e-2403d010f1e5", "event": "tool_completed", "data": {"user_id": "sascha", "session_id": "sascha-chat", "tool_name": "echo"}}
{"timestamp": "2025-11-23T07:20:43.015067", "trace_id": "54db3b43-6112-4f27-ae2e-6cfad0d940cb", "event": "request_received", "data": {"user_id": "sascha", "session_id": "sascha-chat", "input_type": "chat", "tool_name": null}}
{"timestamp": "2025-11-23T07:21:02.652737", "trace_id": "54db3b43-6112-4f27-ae2e-6cfad0d940cb", "event": "chat_completed", "data": {"user_id": "sascha", "session_id": "sascha-chat"}}
{"timestamp": "2025-11-23T07:21:02.667124", "trace_id": "e9428dc4-28d8-47a9-a0dc-8b1bf9865982", "event": "request_received", "data": {"user_id": "sascha", "session_id": "sascha-chat", "input_type": "tool", "tool_name": "echo"}}
{"timestamp": "2025-11-23T07:21:02.673570", "trace_id": "e9428dc4-28d8-47a9-a0dc-8b1bf9865982", "event": "tool_completed", "data": {"user_id": "sascha", "session_id": "sascha-chat", "tool_name": "echo"}}
{"timestamp": "2025-11-23T07:23:42.567869", "trace_id": "f9ca8769-d58a-4161-ac12-d1014d54596c", "event": "request_received", "data": {"user_id": "cli-user", "session_id": "cli-session", "input_type": "chat", "tool_name": null}}
{"timestamp": "2025-11-23T07:23:43.358991", "trace_id": "f9ca8769-d58a-4161-ac12-d1014d54596c", "event": "chat_completed", "data": {"user_id": "cli-user", "session_id": "cli-session"}}
{"timestamp": "2025-11-23T07:59:32.491930", "trace_id": "89c430f6-8522-4e0e-a91c-85358f6c8491", "event": "request_received", "data": {"user_id": "sascha", "session_id": "sascha-chat", "input_type": "chat", "tool_name": null}}
{"timestamp": "2025-11-23T07:59:46.931227", "trace_id": "89c430f6-8522-4e0e-a91c-85358f6c8491", "event": "chat_completed", "data": {"user_id": "sascha", "session_id": "sascha-chat"}}
{"timestamp": "2025-11-23T07:59:46.939982", "trace_id": "03cb812f-ad68-4258-86ac-38ad80f808f5", "event": "request_received", "data": {"user_id": "sascha", "session_id": "sascha-chat", "input_type": "tool", "tool_name": "echo"}}
{"timestamp": "2025-11-23T07:59:46.946824", "trace_id": "03cb812f-ad68-4258-86ac-38ad80f808f5", "event": "tool_completed", "data": {"user_id": "sascha", "session_id": "sascha-chat", "tool_name": "echo"}}
{"timestamp": "2025-11-23T08:52:29.741258", "trace_id": "2b6c9c5e-7bde-4a4b-91eb-de7f8c765c74", "event": "request_received", "data": {"user_id": "sascha", "session_id": "sascha-chat", "input_type": "chat", "tool_name": null}}
{"timestamp": "2025-11-23T08:52:39.482238", "trace_id": "2b6c9c5e-7bde-4a4b-91eb-de7f8c765c74", "event": "chat_completed", "data": {"user_id": "sascha", "session_id": "sascha-chat"}}
{"timestamp": "2025-11-23T08:52:39.493811", "trace_id": "1088a49c-29bf-416a-bfd6-2194944b881c", "event": "request_received", "data": {"user_id": "sascha", "session_id": "sascha-chat", "input_type": "tool", "tool_name": "echo"}}
{"timestamp": "2025-11-23T08:52:39.504626", "trace_id": "1088a49c-29bf-416a-bfd6-2194944b881c", "event": "tool_completed", "data": {"user_id": "sascha", "session_id": "sascha-chat", "tool_name": "echo"}}
{"timestamp": "2025-11-23T09:48:22.094254", "trace_id": "d7c5b7c0-0da6-4e3a-a037-94282fd35a09", "event": "request_received", "data": {"user_id": "sascha", "session_id": "planner-test-session", "input_type": "planner", "tool_name": null}}
{"timestamp": "2025-11-23T09:48:22.095254", "trace_id": "d7c5b7c0-0da6-4e3a-a037-94282fd35a09", "event": "planner_created_plan", "data": {"user_id": "sascha", "session_id": "planner-test-session", "task": "Plane einen einfachen Test-Task", "plan_id": "9d9a1592-4232-421a-92ae-042bc31c811c"}}
{"timestamp": "2025-11-23T10:14:22.619153", "trace_id": "30ddd0c4-ff22-41a8-af16-5e7d5e26b076", "event": "request_received", "data": {"user_id": "sascha", "session_id": "sascha-planner", "input_type": "planner", "tool_name": null}}
{"timestamp": "2025-11-23T10:14:22.621239", "trace_id": "30ddd0c4-ff22-41a8-af16-5e7d5e26b076", "event": "planner_created_plan", "data": {"user_id": "sascha", "session_id": "sascha-planner", "task": "Plane meine heutige ToDo Liste", "plan_id": "a68526df-8479-4cb6-ab94-124c374f4a48"}}
{"timestamp": "2025-11-23T10:55:54.611933", "trace_id": "b53825b2-2f7f-4a33-ba2e-2561928ef02d", "event": "request_received", "data": {"user_id": "sascha", "session_id": "sascha-agents", "input_type": "agent_create", "tool_name": "research_agent"}}
{"timestamp": "2025-11-23T10:55:54.623874", "trace_id": "b53825b2-2f7f-4a33-ba2e-2561928ef02d", "event": "agent_created", "data": {"template": "research_agent", "task": "Recherchiere zum Thema KI Autonomie"}}
{"timestamp": "2025-11-23T11:30:27.494033", "trace_id": "fd9e4076-a4ac-4112-9539-288eb8c3383e", "event": "request_received", "data": {"user_id": "sascha", "session_id": "sascha-planner-agent", "input_type": "planner_agent"}}
